<?xml version="1.0" encoding="UTF-8"?>
<!-- Generated by org.testng.reporters.JUnitReportReporter -->
<testsuite hostname="DESKTOP-BRULG7R" failures="0" tests="2" name="expotech.Ecommerce.VerifyTitle" time="6.313" errors="0" timestamp="2023-05-17T12:15:24 BDT" skipped="0">
  <testcase classname="expotech.Ecommerce.VerifyTitle" name="isWebsiteSecured" time="0.017"/>
  <system-out/>
  <testcase classname="expotech.Ecommerce.VerifyTitle" name="VerifypageTitle" time="6.296"/>
  <system-out/>
</testsuite> <!-- expotech.Ecommerce.VerifyTitle -->
